-------------------------------------------------------------------------------
Test set: ru.tn.tnJetmanRating.TnJetmanRatingApplicationTests
-------------------------------------------------------------------------------
Tests run: 1, Failures: 0, Errors: 1, Skipped: 0, Time elapsed: 5.078 s <<< FAILURE! - in ru.tn.tnJetmanRating.TnJetmanRatingApplicationTests
contextLoads(ru.tn.tnJetmanRating.TnJetmanRatingApplicationTests)  Time elapsed: 0.006 s  <<< ERROR!
java.lang.IllegalStateException: Failed to load ApplicationContext
Caused by: org.springframework.beans.factory.BeanCreationException: Error creating bean with name 'flyway' defined in class path resource [org/springframework/boot/autoconfigure/flyway/FlywayAutoConfiguration$FlywayConfiguration.class]: Bean instantiation via factory method failed; nested exception is org.springframework.beans.BeanInstantiationException: Failed to instantiate [org.flywaydb.core.Flyway]: Factory method 'flyway' threw exception; nested exception is java.lang.NoSuchMethodError: org.flywaydb.core.api.configuration.FluentConfiguration.connectRetries(I)Lorg/flywaydb/core/api/configuration/FluentConfiguration;
Caused by: org.springframework.beans.BeanInstantiationException: Failed to instantiate [org.flywaydb.core.Flyway]: Factory method 'flyway' threw exception; nested exception is java.lang.NoSuchMethodError: org.flywaydb.core.api.configuration.FluentConfiguration.connectRetries(I)Lorg/flywaydb/core/api/configuration/FluentConfiguration;
Caused by: java.lang.NoSuchMethodError: org.flywaydb.core.api.configuration.FluentConfiguration.connectRetries(I)Lorg/flywaydb/core/api/configuration/FluentConfiguration;

